Determining if the pthread_create exist failed with the following output:
Change Dir: /home/jenka755/new_private_stuff/TNM093_-_VR-VIS/lab3/build/CMakeFiles/CMakeTmp

Run Build Command:/usr/bin/make "cmTryCompileExec4016050225/fast"
/usr/bin/make -f CMakeFiles/cmTryCompileExec4016050225.dir/build.make CMakeFiles/cmTryCompileExec4016050225.dir/build
make[1]: Entering directory `/ad_home/jenka755/TNM093_-_VR-VIS/lab3/build/CMakeFiles/CMakeTmp'
/usr/bin/cmake -E cmake_progress_report /home/jenka755/new_private_stuff/TNM093_-_VR-VIS/lab3/build/CMakeFiles/CMakeTmp/CMakeFiles 1
Building C object CMakeFiles/cmTryCompileExec4016050225.dir/CheckSymbolExists.c.o
/usr/bin/cc    -o CMakeFiles/cmTryCompileExec4016050225.dir/CheckSymbolExists.c.o   -c /home/jenka755/new_private_stuff/TNM093_-_VR-VIS/lab3/build/CMakeFiles/CMakeTmp/CheckSymbolExists.c
Linking C executable cmTryCompileExec4016050225
/usr/bin/cmake -E cmake_link_script CMakeFiles/cmTryCompileExec4016050225.dir/link.txt --verbose=1
/usr/bin/cc       CMakeFiles/cmTryCompileExec4016050225.dir/CheckSymbolExists.c.o  -o cmTryCompileExec4016050225 -rdynamic 
CMakeFiles/cmTryCompileExec4016050225.dir/CheckSymbolExists.c.o: In function `main':
CheckSymbolExists.c:(.text+0x16): undefined reference to `pthread_create'
collect2: error: ld returned 1 exit status
make[1]: *** [cmTryCompileExec4016050225] Error 1
make[1]: Leaving directory `/ad_home/jenka755/TNM093_-_VR-VIS/lab3/build/CMakeFiles/CMakeTmp'
make: *** [cmTryCompileExec4016050225/fast] Error 2

File /home/jenka755/new_private_stuff/TNM093_-_VR-VIS/lab3/build/CMakeFiles/CMakeTmp/CheckSymbolExists.c:
/* */
#include <pthread.h>

int main(int argc, char** argv)
{
  (void)argv;
#ifndef pthread_create
  return ((int*)(&pthread_create))[argc];
#else
  (void)argc;
  return 0;
#endif
}

Determining if the function pthread_create exists in the pthreads failed with the following output:
Change Dir: /home/jenka755/new_private_stuff/TNM093_-_VR-VIS/lab3/build/CMakeFiles/CMakeTmp

Run Build Command:/usr/bin/make "cmTryCompileExec2205344447/fast"
/usr/bin/make -f CMakeFiles/cmTryCompileExec2205344447.dir/build.make CMakeFiles/cmTryCompileExec2205344447.dir/build
make[1]: Entering directory `/ad_home/jenka755/TNM093_-_VR-VIS/lab3/build/CMakeFiles/CMakeTmp'
/usr/bin/cmake -E cmake_progress_report /home/jenka755/new_private_stuff/TNM093_-_VR-VIS/lab3/build/CMakeFiles/CMakeTmp/CMakeFiles 1
Building C object CMakeFiles/cmTryCompileExec2205344447.dir/CheckFunctionExists.c.o
/usr/bin/cc   -DCHECK_FUNCTION_EXISTS=pthread_create   -o CMakeFiles/cmTryCompileExec2205344447.dir/CheckFunctionExists.c.o   -c /usr/share/cmake-2.8/Modules/CheckFunctionExists.c
Linking C executable cmTryCompileExec2205344447
/usr/bin/cmake -E cmake_link_script CMakeFiles/cmTryCompileExec2205344447.dir/link.txt --verbose=1
/usr/bin/cc   -DCHECK_FUNCTION_EXISTS=pthread_create    CMakeFiles/cmTryCompileExec2205344447.dir/CheckFunctionExists.c.o  -o cmTryCompileExec2205344447 -rdynamic -lpthreads 
/usr/bin/ld: cannot find -lpthreads
collect2: error: ld returned 1 exit status
make[1]: *** [cmTryCompileExec2205344447] Error 1
make[1]: Leaving directory `/ad_home/jenka755/TNM093_-_VR-VIS/lab3/build/CMakeFiles/CMakeTmp'
make: *** [cmTryCompileExec2205344447/fast] Error 2


